Using pre-set license
Built from '2020.3/staging' branch; Version is '2020.3.8f1 (507919d4fff5) revision 5273881'; Using compiler version '192528614'; Build Type 'Release'
OS: 'Windows 10 Pro; OS build 19041.1110; Version 2004; 64bit' Language: 'en' Physical Memory: 3992 MB
BatchMode: 1, IsHumanControllingUs: 0, StartBugReporterOnCrash: 0, Is64bit: 1, IsPro: 0

 COMMAND LINE ARGUMENTS:
C:\Program Files\Unity Installations\2020.3.8f1\Editor\Unity.exe
-adb2
-batchMode
-noUpm
-name
AssetImportWorker1
-projectPath
C:/Users/Matthew/Documents/TIATTO-Matt-21T2-GAD170-Brief-2/TIATTO, Matt 21T2 GAD170 Brief 02
-logFile
Logs/AssetImportWorker1.log
-srvPort
58324
Successfully changed project path to: C:/Users/Matthew/Documents/TIATTO-Matt-21T2-GAD170-Brief-2/TIATTO, Matt 21T2 GAD170 Brief 02
C:/Users/Matthew/Documents/TIATTO-Matt-21T2-GAD170-Brief-2/TIATTO, Matt 21T2 GAD170 Brief 02
Using Asset Import Pipeline V2.
Refreshing native plugins compatible for Editor in 721.18 ms, found 0 plugins.
Preloading 0 native plugins for Editor in 0.00 ms.
Initialize engine version: 2020.3.8f1 (507919d4fff5)
[Subsystems] Discovering subsystems at path C:/Program Files/Unity Installations/2020.3.8f1/Editor/Data/Resources/UnitySubsystems
[Subsystems] Discovering subsystems at path C:/Users/Matthew/Documents/TIATTO-Matt-21T2-GAD170-Brief-2/TIATTO, Matt 21T2 GAD170 Brief 02/Assets
GfxDevice: creating device client; threaded=0
Direct3D:
    Version:  Direct3D 11.0 [level 11.1]
    Renderer: Intel(R) HD Graphics 520 (ID=0x1916)
    Vendor:   
    VRAM:     1996 MB
    Driver:   27.20.100.8681
Initialize mono
Mono path[0] = 'C:/Program Files/Unity Installations/2020.3.8f1/Editor/Data/Managed'
Mono path[1] = 'C:/Program Files/Unity Installations/2020.3.8f1/Editor/Data/MonoBleedingEdge/lib/mono/unityjit'
Mono config path = 'C:/Program Files/Unity Installations/2020.3.8f1/Editor/Data/MonoBleedingEdge/etc'
Using monoOptions --debugger-agent=transport=dt_socket,embedding=1,server=y,suspend=n,address=127.0.0.1:56324
Begin MonoManager ReloadAssembly
Registering precompiled unity dll's ...
Register platform support module: C:/Program Files/Unity Installations/2020.3.8f1/Editor/Data/PlaybackEngines/WindowsStandaloneSupport/UnityEditor.WindowsStandalone.Extensions.dll
Registered in 0.003022 seconds.
Native extension for WindowsStandalone target not found
Refreshing native plugins compatible for Editor in 121.01 ms, found 0 plugins.
Preloading 0 native plugins for Editor in 0.00 ms.
Mono: successfully reloaded assembly
- Completed reload, in  5.440 seconds
Platform modules already initialized, skipping
Registering precompiled user dll's ...
Registered in 0.021414 seconds.
Begin MonoManager ReloadAssembly
Native extension for WindowsStandalone target not found
Refreshing native plugins compatible for Editor in 2.28 ms, found 0 plugins.
Preloading 0 native plugins for Editor in 0.00 ms.
Mono: successfully reloaded assembly
- Completed reload, in  9.724 seconds
Platform modules already initialized, skipping
========================================================================
Worker process is ready to serve import requests
Launched and connected shader compiler UnityShaderCompiler.exe after 0.79 seconds
Refreshing native plugins compatible for Editor in 1.77 ms, found 0 plugins.
Preloading 0 native plugins for Editor in 0.00 ms.
Unloading 2291 Unused Serialized files (Serialized files now loaded: 0)
System memory in use before: 103.2 MB.
System memory in use after: 103.3 MB.

Unloading 54 unused Assets to reduce memory usage. Loaded Objects now: 2702.
Total: 21.032300 ms (FindLiveObjects: 0.404100 ms CreateObjectMapping: 0.197300 ms MarkObjects: 19.002200 ms  DeleteObjects: 1.377400 ms)

========================================================================
Received Import Request.
  path: Assets/Scripts
  artifactKey: Guid(fd113cb473302554db436cf94112fdf1) Importer(815301076,1909f56bfc062723c751e8b465ee728b)
Start importing Assets/Scripts using Guid(fd113cb473302554db436cf94112fdf1) Importer(815301076,1909f56bfc062723c751e8b465ee728b)  -> (artifact id: 'f3f346a526c122e49603f62239a1d45c') in 0.032444 seconds
  Import took 0.044976 seconds .

========================================================================
Received Import Request.
  Time since last request: 523.263611 seconds.
  path: Assets/Scripts/BattleSystem.cs
  artifactKey: Guid(c94f465ebb361aa4bbc1b7dcd0f50c26) Importer(815301076,1909f56bfc062723c751e8b465ee728b)
Start importing Assets/Scripts/BattleSystem.cs using Guid(c94f465ebb361aa4bbc1b7dcd0f50c26) Importer(815301076,1909f56bfc062723c751e8b465ee728b)  -> (artifact id: 'e4fbe4a64412a9e98a18aaf253a4c392') in 0.230378 seconds
  Import took 0.968279 seconds .

========================================================================
Received Import Request.
  Time since last request: 725.381507 seconds.
  path: Assets/Scenes
  artifactKey: Guid(772c7f0c2ab06d34da710ef8d581fafb) Importer(815301076,1909f56bfc062723c751e8b465ee728b)
Start importing Assets/Scenes using Guid(772c7f0c2ab06d34da710ef8d581fafb) Importer(815301076,1909f56bfc062723c751e8b465ee728b)  -> (artifact id: 'a9a8f308ec7294616126a741a76941ce') in 0.048474 seconds
  Import took 0.265474 seconds .

========================================================================
Received Import Request.
  Time since last request: 1.100731 seconds.
  path: Assets/Scenes/BattleScene Orig.unity
  artifactKey: Guid(32b7ea53c3b61fb4e88bf1c68ee56b89) Importer(815301076,1909f56bfc062723c751e8b465ee728b)
Start importing Assets/Scenes/BattleScene Orig.unity using Guid(32b7ea53c3b61fb4e88bf1c68ee56b89) Importer(815301076,1909f56bfc062723c751e8b465ee728b)  -> (artifact id: '49c994f682c67286e47e76ee69629982') in 0.642008 seconds
  Import took 0.651858 seconds .

========================================================================
Received Import Request.
  Time since last request: 2.000627 seconds.
  path: Assets/Scenes/BattleScene.unity
  artifactKey: Guid(e673aed73225a1a4fafeba1de7700242) Importer(815301076,1909f56bfc062723c751e8b465ee728b)
Start importing Assets/Scenes/BattleScene.unity using Guid(e673aed73225a1a4fafeba1de7700242) Importer(815301076,1909f56bfc062723c751e8b465ee728b)  -> (artifact id: '2a4526f423bef41b6444f1f7d85a3ded') in 0.040944 seconds
  Import took 0.051597 seconds .

========================================================================
Received Import Request.
  Time since last request: 7.199230 seconds.
  path: Assets/Scenes/MainScene_Profiles
  artifactKey: Guid(c1dfbe6f30b792f449df27b9eb77db3c) Importer(815301076,1909f56bfc062723c751e8b465ee728b)
Start importing Assets/Scenes/MainScene_Profiles using Guid(c1dfbe6f30b792f449df27b9eb77db3c) Importer(815301076,1909f56bfc062723c751e8b465ee728b)  -> (artifact id: '90d78a9c075f852c7ea7f6170ef34475') in 0.178812 seconds
  Import took 0.212245 seconds .

========================================================================
Received Import Request.
  Time since last request: 0.000545 seconds.
  path: Assets/Scenes/MainScene_Profiles/GameObject Profile.asset
  artifactKey: Guid(b3590027cfc7b0e4d89fb11742780b3c) Importer(815301076,1909f56bfc062723c751e8b465ee728b)
Start importing Assets/Scenes/MainScene_Profiles/GameObject Profile.asset using Guid(b3590027cfc7b0e4d89fb11742780b3c) Importer(815301076,1909f56bfc062723c751e8b465ee728b)  -> (artifact id: '40282c3fa2da66257fb4aea3835e7896') in 1.392400 seconds
  Import took 1.403382 seconds .

========================================================================
Received Prepare
Registering precompiled user dll's ...
Registered in 0.016232 seconds.
Begin MonoManager ReloadAssembly
Native extension for WindowsStandalone target not found
Refreshing native plugins compatible for Editor in 1.00 ms, found 0 plugins.
Preloading 0 native plugins for Editor in 0.00 ms.
Mono: successfully reloaded assembly
- Completed reload, in  2.984 seconds
Platform modules already initialized, skipping
Refreshing native plugins compatible for Editor in 1.70 ms, found 0 plugins.
Preloading 0 native plugins for Editor in 0.00 ms.
Unloading 2228 Unused Serialized files (Serialized files now loaded: 0)
System memory in use before: 97.4 MB.
System memory in use after: 97.6 MB.

Unloading 45 unused Assets to reduce memory usage. Loaded Objects now: 2705.
Total: 14.334900 ms (FindLiveObjects: 0.866700 ms CreateObjectMapping: 0.809600 ms MarkObjects: 11.778800 ms  DeleteObjects: 0.876700 ms)

========================================================================
Received Prepare
Registering precompiled user dll's ...
Registered in 0.013329 seconds.
Begin MonoManager ReloadAssembly
Native extension for WindowsStandalone target not found
Refreshing native plugins compatible for Editor in 1.56 ms, found 0 plugins.
Preloading 0 native plugins for Editor in 0.00 ms.
Mono: successfully reloaded assembly
- Completed reload, in  2.808 seconds
Platform modules already initialized, skipping
Refreshing native plugins compatible for Editor in 3.25 ms, found 0 plugins.
Preloading 0 native plugins for Editor in 0.00 ms.
Unloading 2228 Unused Serialized files (Serialized files now loaded: 0)
System memory in use before: 97.5 MB.
System memory in use after: 97.6 MB.

Unloading 45 unused Assets to reduce memory usage. Loaded Objects now: 2708.
Total: 26.600600 ms (FindLiveObjects: 0.504900 ms CreateObjectMapping: 0.233400 ms MarkObjects: 25.081700 ms  DeleteObjects: 0.777600 ms)

========================================================================
Received Prepare
Registering precompiled user dll's ...
Registered in 0.010254 seconds.
Begin MonoManager ReloadAssembly
Native extension for WindowsStandalone target not found
Refreshing native plugins compatible for Editor in 2.01 ms, found 0 plugins.
Preloading 0 native plugins for Editor in 0.00 ms.
Mono: successfully reloaded assembly
- Completed reload, in  2.049 seconds
Platform modules already initialized, skipping
Refreshing native plugins compatible for Editor in 1.49 ms, found 0 plugins.
Preloading 0 native plugins for Editor in 0.00 ms.
Unloading 2228 Unused Serialized files (Serialized files now loaded: 0)
System memory in use before: 97.6 MB.
System memory in use after: 97.8 MB.

Unloading 45 unused Assets to reduce memory usage. Loaded Objects now: 2711.
Total: 15.916000 ms (FindLiveObjects: 2.217000 ms CreateObjectMapping: 0.258500 ms MarkObjects: 13.272100 ms  DeleteObjects: 0.165100 ms)

========================================================================
Received Prepare
Registering precompiled user dll's ...
Registered in 0.014708 seconds.
Begin MonoManager ReloadAssembly
Native extension for WindowsStandalone target not found
Refreshing native plugins compatible for Editor in 2.20 ms, found 0 plugins.
Preloading 0 native plugins for Editor in 0.00 ms.
Mono: successfully reloaded assembly
- Completed reload, in  3.840 seconds
Platform modules already initialized, skipping
Refreshing native plugins compatible for Editor in 1.93 ms, found 0 plugins.
Preloading 0 native plugins for Editor in 0.00 ms.
Unloading 2228 Unused Serialized files (Serialized files now loaded: 0)
System memory in use before: 97.6 MB.
System memory in use after: 97.8 MB.

Unloading 45 unused Assets to reduce memory usage. Loaded Objects now: 2714.
Total: 19.085500 ms (FindLiveObjects: 1.107400 ms CreateObjectMapping: 0.249700 ms MarkObjects: 16.122400 ms  DeleteObjects: 1.602600 ms)

========================================================================
Received Prepare
Registering precompiled user dll's ...
Registered in 0.011848 seconds.
Begin MonoManager ReloadAssembly
Native extension for WindowsStandalone target not found
Refreshing native plugins compatible for Editor in 2.33 ms, found 0 plugins.
Preloading 0 native plugins for Editor in 0.00 ms.
Mono: successfully reloaded assembly
- Completed reload, in  4.982 seconds
Platform modules already initialized, skipping
Refreshing native plugins compatible for Editor in 1.00 ms, found 0 plugins.
Preloading 0 native plugins for Editor in 0.00 ms.
Unloading 2228 Unused Serialized files (Serialized files now loaded: 0)
System memory in use before: 97.6 MB.
System memory in use after: 97.8 MB.

Unloading 45 unused Assets to reduce memory usage. Loaded Objects now: 2717.
Total: 35.535000 ms (FindLiveObjects: 4.279800 ms CreateObjectMapping: 0.683000 ms MarkObjects: 28.408400 ms  DeleteObjects: 2.160600 ms)

========================================================================
Received Prepare
Registering precompiled user dll's ...
Registered in 0.020020 seconds.
Begin MonoManager ReloadAssembly
Native extension for WindowsStandalone target not found
Refreshing native plugins compatible for Editor in 0.99 ms, found 0 plugins.
Preloading 0 native plugins for Editor in 0.00 ms.
Mono: successfully reloaded assembly
- Completed reload, in  2.613 seconds
Platform modules already initialized, skipping
Refreshing native plugins compatible for Editor in 0.96 ms, found 0 plugins.
Preloading 0 native plugins for Editor in 0.00 ms.
Unloading 2228 Unused Serialized files (Serialized files now loaded: 0)
System memory in use before: 97.6 MB.
System memory in use after: 97.8 MB.

Unloading 45 unused Assets to reduce memory usage. Loaded Objects now: 2720.
Total: 22.191000 ms (FindLiveObjects: 1.787900 ms CreateObjectMapping: 0.315700 ms MarkObjects: 19.209100 ms  DeleteObjects: 0.875700 ms)

========================================================================
Received Prepare
Registering precompiled user dll's ...
Registered in 0.009520 seconds.
Begin MonoManager ReloadAssembly
Native extension for WindowsStandalone target not found
Refreshing native plugins compatible for Editor in 1.03 ms, found 0 plugins.
Preloading 0 native plugins for Editor in 0.00 ms.
Mono: successfully reloaded assembly
- Completed reload, in  2.819 seconds
Platform modules already initialized, skipping
Refreshing native plugins compatible for Editor in 2.17 ms, found 0 plugins.
Preloading 0 native plugins for Editor in 0.00 ms.
Unloading 2228 Unused Serialized files (Serialized files now loaded: 0)
System memory in use before: 97.5 MB.
System memory in use after: 97.7 MB.

Unloading 45 unused Assets to reduce memory usage. Loaded Objects now: 2723.
Total: 74.252300 ms (FindLiveObjects: 1.017900 ms CreateObjectMapping: 0.377300 ms MarkObjects: 72.197300 ms  DeleteObjects: 0.656500 ms)

